<?xml version="1.0" encoding="UTF-8"?>
<!-- Generated by org.testng.reporters.JUnitReportReporter -->
<testsuite skipped="0" hostname="DESKTOP-UNOIIMH" name="homePage.HomeRegistration" tests="1" failures="0" timestamp="16 Nov 2018 13:02:29 GMT" time="13.749" errors="0">
  <testcase name="homeCreateRegistration" time="13.749" classname="homePage.HomeRegistration"/>
</testsuite> <!-- homePage.HomeRegistration -->
