<?xml version="1.0" encoding="UTF-8"?>
<!-- Generated by org.testng.reporters.JUnitReportReporter -->
<testsuite skipped="0" hostname="DESKTOP-UNOIIMH" name="homeRegistration.CreateRegistration" tests="1" failures="0" timestamp="09 Nov 2018 11:26:26 GMT" time="12.555" errors="0">
  <testcase name="homeCreateRegistration" time="12.555" classname="homeRegistration.CreateRegistration"/>
</testsuite> <!-- homeRegistration.CreateRegistration -->
