<?xml version="1.0" encoding="UTF-8"?>
<!-- Generated by org.testng.reporters.JUnitReportReporter -->
<testsuite skipped="0" hostname="DESKTOP-UNOIIMH" name="employerDetails.EmployerDetails" tests="1" failures="0" timestamp="13 Nov 2018 10:04:51 GMT" time="5.843" errors="0">
  <testcase name="employerDetails" time="5.843" classname="employerDetails.EmployerDetails"/>
</testsuite> <!-- employerDetails.EmployerDetails -->
