<?xml version="1.0" encoding="UTF-8"?>
<!-- Generated by org.testng.reporters.JUnitReportReporter -->
<testsuite skipped="0" hostname="DESKTOP-UNOIIMH" name="emailFunctionalityModules.ContactUsChecking" tests="1" failures="0" timestamp="19 Nov 2018 12:45:18 GMT" time="24.799" errors="0">
  <testcase name="contactUs" time="24.799" classname="emailFunctionalityModules.ContactUsChecking"/>
</testsuite> <!-- emailFunctionalityModules.ContactUsChecking -->
