<?xml version="1.0" encoding="UTF-8"?>
<!-- Generated by org.testng.reporters.JUnitReportReporter -->
<testsuite skipped="0" hostname="DESKTOP-UNOIIMH" name="individualHeaderMenuChecking.TalentDirectory" tests="1" failures="0" timestamp="16 Nov 2018 11:15:50 GMT" time="19.323" errors="0">
  <testcase name="talentdirectory" time="19.323" classname="individualHeaderMenuChecking.TalentDirectory"/>
</testsuite> <!-- individualHeaderMenuChecking.TalentDirectory -->
