<?xml version="1.0" encoding="UTF-8"?>
<!-- Generated by org.testng.reporters.JUnitReportReporter -->
<testsuite skipped="0" hostname="DESKTOP-UNOIIMH" name="login.LoginAndAppliedJobPage" tests="1" failures="0" timestamp="16 Nov 2018 10:07:23 GMT" time="2.793" errors="0">
  <testcase name="Login" time="2.793" classname="login.LoginAndAppliedJobPage"/>
</testsuite> <!-- login.LoginAndAppliedJobPage -->
