<?xml version="1.0" encoding="UTF-8"?>
<!-- Generated by org.testng.reporters.JUnitReportReporter -->
<testsuite skipped="0" hostname="DESKTOP-UNOIIMH" name="emailFunctionalityModules.RegistrationChecking" tests="1" failures="0" timestamp="16 Nov 2018 13:05:32 GMT" time="19.166" errors="0">
  <testcase name="Registration" time="19.166" classname="emailFunctionalityModules.RegistrationChecking"/>
</testsuite> <!-- emailFunctionalityModules.RegistrationChecking -->
