<?xml version="1.0" encoding="UTF-8"?>
<!-- Generated by org.testng.reporters.JUnitReportReporter -->
<testsuite skipped="0" hostname="DESKTOP-UNOIIMH" name="emailChecking.ChangePassword" tests="1" failures="0" timestamp="09 Nov 2018 07:30:09 GMT" time="27.836" errors="0">
  <testcase name="changePassword" time="27.836" classname="emailChecking.ChangePassword"/>
</testsuite> <!-- emailChecking.ChangePassword -->
