<?xml version="1.0" encoding="UTF-8"?>
<!-- Generated by org.testng.reporters.JUnitReportReporter -->
<testsuite skipped="0" hostname="DESKTOP-UNOIIMH" name="individualHeaderMenuChecking.AuditionsAndJobs" tests="1" failures="0" timestamp="16 Nov 2018 11:15:22 GMT" time="14.945" errors="0">
  <testcase name="employerDetails" time="14.945" classname="individualHeaderMenuChecking.AuditionsAndJobs"/>
</testsuite> <!-- individualHeaderMenuChecking.AuditionsAndJobs -->
