<?xml version="1.0" encoding="UTF-8"?>
<!-- Generated by org.testng.reporters.JUnitReportReporter -->
<testsuite skipped="0" hostname="DESKTOP-UNOIIMH" name="talentDirectory.TalentDirectory" tests="1" failures="0" timestamp="15 Nov 2018 13:06:52 GMT" time="25.297" errors="0">
  <testcase name="talentdirectory" time="25.297" classname="talentDirectory.TalentDirectory"/>
</testsuite> <!-- talentDirectory.TalentDirectory -->
