<?xml version="1.0" encoding="UTF-8"?>
<!-- Generated by org.testng.reporters.JUnitReportReporter -->
<testsuite skipped="0" hostname="DESKTOP-UNOIIMH" name="login.MultipleLogin" tests="1" failures="0" timestamp="16 Nov 2018 11:14:25 GMT" time="31.147" errors="0">
  <testcase name="multipleLogin" time="31.147" classname="login.MultipleLogin"/>
</testsuite> <!-- login.MultipleLogin -->
