<?xml version="1.0" encoding="UTF-8"?>
<!-- Generated by org.testng.reporters.JUnitReportReporter -->
<testsuite skipped="0" hostname="DESKTOP-UNOIIMH" name="emailFunctionalityModules.SubscriptionChecking" tests="1" failures="0" timestamp="16 Nov 2018 13:06:11 GMT" time="3.413" errors="0">
  <testcase name="subscription" time="3.413" classname="emailFunctionalityModules.SubscriptionChecking"/>
</testsuite> <!-- emailFunctionalityModules.SubscriptionChecking -->
