<?xml version="1.0" encoding="UTF-8"?>
<!-- Generated by org.testng.reporters.JUnitReportReporter -->
<testsuite skipped="0" hostname="DESKTOP-UNOIIMH" name="emailFunctionalityModules.ChangePasswordChecking" tests="1" failures="0" timestamp="15 Nov 2018 09:25:28 GMT" time="17.110" errors="0">
  <testcase name="changePassword" time="17.110" classname="emailFunctionalityModules.ChangePasswordChecking"/>
</testsuite> <!-- emailFunctionalityModules.ChangePasswordChecking -->
