<?xml version="1.0" encoding="UTF-8"?>
<!-- Generated by org.testng.reporters.JUnitReportReporter -->
<testsuite hostname="DESKTOP-UNOIIMH" name="emailChecking.EmailChecking" tests="5" failures="0" timestamp="6 Nov 2018 13:41:20 GMT" time="122.431" errors="0">
  <testcase name="Login" time="13.776" classname="emailChecking.EmailChecking"/>
  <testcase name="PostAJob" time="37.512" classname="emailChecking.EmailChecking"/>
  <testcase name="subscription" time="9.664" classname="emailChecking.EmailChecking"/>
  <testcase name="ContactUs" time="36.262" classname="emailChecking.EmailChecking"/>
  <testcase name="Registration" time="25.217" classname="emailChecking.EmailChecking"/>
</testsuite> <!-- emailChecking.EmailChecking -->
