<?xml version="1.0" encoding="UTF-8"?>
<!-- Generated by org.testng.reporters.JUnitReportReporter -->
<testsuite skipped="0" hostname="DESKTOP-UNOIIMH" name="login.OneTimeLogin" tests="1" failures="0" timestamp="16 Nov 2018 11:14:13 GMT" time="6.578" errors="0">
  <testcase name="Login" time="6.578" classname="login.OneTimeLogin"/>
</testsuite> <!-- login.OneTimeLogin -->
