<?xml version="1.0" encoding="UTF-8"?>
<!-- Generated by org.testng.reporters.JUnitReportReporter -->
<testsuite skipped="0" hostname="DESKTOP-UNOIIMH" name="emailFunctionalityModules.PostAJob" tests="1" failures="0" timestamp="16 Nov 2018 13:25:13 GMT" time="24.844" errors="0">
  <testcase name="postAJob" time="24.844" classname="emailFunctionalityModules.PostAJob"/>
</testsuite> <!-- emailFunctionalityModules.PostAJob -->
