<?xml version="1.0" encoding="UTF-8"?>
<!-- Generated by org.testng.reporters.JUnitReportReporter -->
<testsuite skipped="0" hostname="DESKTOP-UNOIIMH" name="oneTimeLogin.OneTimeLogin" tests="1" failures="0" timestamp="13 Nov 2018 10:01:59 GMT" time="22.424" errors="0">
  <testcase name="Login" time="22.424" classname="oneTimeLogin.OneTimeLogin"/>
</testsuite> <!-- oneTimeLogin.OneTimeLogin -->
