<?xml version="1.0" encoding="UTF-8"?>
<!-- Generated by org.testng.reporters.JUnitReportReporter -->
<testsuite skipped="0" hostname="DESKTOP-UNOIIMH" name="login.LoginAndPostedJobPage" tests="1" failures="0" timestamp="16 Nov 2018 10:17:25 GMT" time="4.329" errors="0">
  <testcase name="Login" time="4.329" classname="login.LoginAndPostedJobPage"/>
</testsuite> <!-- login.LoginAndPostedJobPage -->
