<?xml version="1.0" encoding="UTF-8"?>
<!-- Generated by org.testng.reporters.JUnitReportReporter -->
<testsuite skipped="0" hostname="DESKTOP-UNOIIMH" name="login.LoginAndProfileChecking" tests="1" failures="0" timestamp="16 Nov 2018 11:12:01 GMT" time="7.155" errors="0">
  <testcase name="Login" time="7.155" classname="login.LoginAndProfileChecking"/>
</testsuite> <!-- login.LoginAndProfileChecking -->
