<?xml version="1.0" encoding="UTF-8"?>
<!-- Generated by org.testng.reporters.JUnitReportReporter -->
<testsuite skipped="0" hostname="DESKTOP-UNOIIMH" name="individualHeaderMenuChecking.EmployerDetails" tests="1" failures="0" timestamp="16 Nov 2018 11:15:27 GMT" time="6.884" errors="0">
  <testcase name="employerDetails" time="6.884" classname="individualHeaderMenuChecking.EmployerDetails"/>
</testsuite> <!-- individualHeaderMenuChecking.EmployerDetails -->
