<?xml version="1.0" encoding="UTF-8"?>
<!-- Generated by org.testng.reporters.JUnitReportReporter -->
<testsuite skipped="0" hostname="DESKTOP-UNOIIMH" name="login.LoginAndAppliedJobSection" tests="1" failures="0" timestamp="16 Nov 2018 10:01:57 GMT" time="2.624" errors="0">
  <testcase name="Login" time="2.624" classname="login.LoginAndAppliedJobSection"/>
</testsuite> <!-- login.LoginAndAppliedJobSection -->
