<?xml version="1.0" encoding="UTF-8"?>
<!-- Generated by org.testng.reporters.JUnitReportReporter -->
<testsuite skipped="0" hostname="DESKTOP-UNOIIMH" name="headerFooterLinksChecking.CheckingFooterLinks" tests="1" failures="0" timestamp="16 Nov 2018 13:03:26 GMT" time="4.292" errors="0">
  <testcase name="_heckingFooterLinks" time="4.292" classname="headerFooterLinksChecking.CheckingFooterLinks"/>
</testsuite> <!-- headerFooterLinksChecking.CheckingFooterLinks -->
