<?xml version="1.0" encoding="UTF-8"?>
<!-- Generated by org.testng.reporters.JUnitReportReporter -->
<testsuite skipped="0" hostname="DESKTOP-UNOIIMH" name="homePage.HomeServices" tests="1" failures="0" timestamp="16 Nov 2018 13:02:25 GMT" time="8.105" errors="0">
  <testcase name="homeservices" time="8.105" classname="homePage.HomeServices"/>
</testsuite> <!-- homePage.HomeServices -->
