<?xml version="1.0" encoding="UTF-8"?>
<!-- Generated by org.testng.reporters.JUnitReportReporter -->
<testsuite skipped="0" hostname="DESKTOP-UNOIIMH" name="headerFooterLinksChecking.CheckingHeaderLinks" tests="1" failures="0" timestamp="16 Nov 2018 13:03:49 GMT" time="3.985" errors="0">
  <testcase name="CheckingheaderLinks" time="3.985" classname="headerFooterLinksChecking.CheckingHeaderLinks"/>
</testsuite> <!-- headerFooterLinksChecking.CheckingHeaderLinks -->
