<?xml version="1.0" encoding="UTF-8"?>
<!-- Generated by org.testng.reporters.JUnitReportReporter -->
<testsuite skipped="0" hostname="DESKTOP-UNOIIMH" name="frontendFooterLinks.CheckingFooterLinks" tests="1" failures="0" timestamp="13 Nov 2018 10:05:10 GMT" time="7.394" errors="0">
  <testcase name="_heckingFooterLinks" time="7.394" classname="frontendFooterLinks.CheckingFooterLinks"/>
</testsuite> <!-- frontendFooterLinks.CheckingFooterLinks -->
