<?xml version="1.0" encoding="UTF-8"?>
<!-- Generated by org.testng.reporters.JUnitReportReporter -->
<testsuite skipped="0" hostname="DESKTOP-UNOIIMH" name="multipleLogin.MultipleLogin" tests="1" failures="0" timestamp="13 Nov 2018 10:02:15 GMT" time="39.229" errors="0">
  <testcase name="multipleLogin" time="39.229" classname="multipleLogin.MultipleLogin"/>
</testsuite> <!-- multipleLogin.MultipleLogin -->
