<?xml version="1.0" encoding="UTF-8"?>
<!-- Generated by org.testng.reporters.JUnitReportReporter -->
<testsuite hostname="DESKTOP-UNOIIMH" name="frontendLinks.CheckingLinks" tests="1" failures="0" timestamp="21 Sep 2018 08:13:34 GMT" time="15.747" errors="0">
  <testcase name="CheckingLinks" time="15.747" classname="frontendLinks.CheckingLinks"/>
</testsuite> <!-- frontendLinks.CheckingLinks -->
