<?xml version="1.0" encoding="UTF-8"?>
<!-- Generated by org.testng.reporters.JUnitReportReporter -->
<testsuite skipped="0" hostname="DESKTOP-UNOIIMH" name="oneTimeLogin.LoginAndProfileChecking" tests="1" failures="0" timestamp="14 Nov 2018 10:38:31 GMT" time="11.385" errors="0">
  <testcase name="Login" time="11.385" classname="oneTimeLogin.LoginAndProfileChecking"/>
</testsuite> <!-- oneTimeLogin.LoginAndProfileChecking -->
