<?xml version="1.0" encoding="UTF-8"?>
<!-- Generated by org.testng.reporters.JUnitReportReporter -->
<testsuite skipped="0" hostname="DESKTOP-UNOIIMH" name="frontendHeaderLinks.CheckingHeaderLinks" tests="1" failures="0" timestamp="13 Nov 2018 10:05:09 GMT" time="26.117" errors="0">
  <testcase name="CheckingheaderLinks" time="26.117" classname="frontendHeaderLinks.CheckingHeaderLinks"/>
</testsuite> <!-- frontendHeaderLinks.CheckingHeaderLinks -->
